<?xml version="1.0" encoding="UTF-8"?>
<testsuite xmlns:xsi="http://www.w3.org/2001/XMLSchema-instance" xsi:noNamespaceSchemaLocation="https://maven.apache.org/surefire/maven-surefire-plugin/xsd/surefire-test-report-3.0.xsd" version="3.0" name="com.uda.security.AppTest" time="1.283" tests="11" errors="0" skipped="0" failures="0">
  <properties>
[...]
</properties>
  <testcase name="systemArmedHome_imageContainsCat_systemStatusToAlarm" classname="com.uda.security.AppTest" time="1.14"/>
  <testcase name="sensorActive_sensorAlreadyActive_systemPending_systemReturnAlarm" classname="com.uda.security.AppTest" time="0.013"/>
  <testcase name="systemArm_sensorActivated_statusPending_systemReturnAlarm" classname="com.uda.security.AppTest" time="0.008"/>
  <testcase name="sensorDeactivated_alreadyInactive_keepAlarm" classname="com.uda.security.AppTest" time="0.007"/>
  <testcase name="systemStatusAlarm_sensorInactive_returnNoAlarm" classname="com.uda.security.AppTest" time="0.008"/>
  <testcase name="activeAlarm_sensorStateChanged_systemReturnAlarm" classname="com.uda.security.AppTest" time="0.01"/>
  <testcase name="imageContainsCat_systemArmedHome_systemReturnAlarm" classname="com.uda.security.AppTest" time="0.006"/>
  <testcase name="systemArm_sensorActivated_statusChangedToPending" classname="com.uda.security.AppTest" time="0.005"/>
  <testcase name="systemArmed_AllSensorsInactive" classname="com.uda.security.AppTest" time="0.005"/>
  <testcase name="imageNotContainsCat_sensorInactive_systemStatusToNoAlarm" classname="com.uda.security.AppTest" time="0.005"/>
  <testcase name="systemDisArmed_systemStatusToNoAlarm" classname="com.uda.security.AppTest" time="0.004"/>
</testsuite>